1657703469235	geckodriver	INFO	Listening on 127.0.0.1:53801
1657703469605	mozrunner::runner	INFO	Running command: "/Applications/Firefox.app/Contents/MacOS/firefox-bin" "--marionette" "--remote-debugging-port" "53802" "--remote-allow-hosts" "localhost" "-foreground" "-no-remote" "-profile" "/var/folders/0n/0rs04wb94fg8k0sbqntcfrlm0000gn/T/rust_mozprofile3ILIYg"
1657703492301	Marionette	INFO	Marionette enabled
1657703492434	Marionette	INFO	Listening on port 53813
Read port: 53813
WebDriver BiDi listening on ws://localhost:53802
2022-07-13 14:41:32.594 plugin-container[47763:661156] nil host used in call to allowsSpecificHTTPSCertificateForHost
2022-07-13 14:41:32.615 plugin-container[47763:661156] nil host used in call to allowsAnyHTTPSCertificateForHost:
1657703492706	RemoteAgent	WARN	TLS certificate errors will be ignored for this session
2022-07-13 14:41:32.948 plugin-container[47763:661156] nil host used in call to allowsSpecificHTTPSCertificateForHost
2022-07-13 14:41:32.948 plugin-container[47763:661156] nil host used in call to allowsAnyHTTPSCertificateForHost:
2022-07-13 14:41:32.948 plugin-container[47763:661246] nil host used in call to allowsSpecificHTTPSCertificateForHost
2022-07-13 14:41:32.948 plugin-container[47763:661246] nil host used in call to allowsAnyHTTPSCertificateForHost:
console.warn: SearchSettings: "get: No settings file exists, new profile?" (new NotFoundError("Could not open the file at /var/folders/0n/0rs04wb94fg8k0sbqntcfrlm0000gn/T/rust_mozprofile3ILIYg/search.json.mozlz4", (void 0)))
DevTools listening on ws://localhost:53802/devtools/browser/4981486b-7e34-4fa2-a1fd-1ecac8292760
console.error: Region.jsm: "Error fetching region" (new Error("TIMEOUT", "resource://gre/modules/Region.jsm", 767))
console.error: Region.jsm: "Failed to fetch region" (new Error("TIMEOUT", "resource://gre/modules/Region.jsm", 419))
console.error: Region.jsm: "Error fetching region" (new Error("TIMEOUT", "resource://gre/modules/Region.jsm", 767))
console.error: Region.jsm: "Failed to fetch region" (new Error("TIMEOUT", "resource://gre/modules/Region.jsm", 419))
1657708264528	Marionette	INFO	Stopped listening on port 53813
console.warn: TopSitesFeed: Failed to fetch data from Contile server: NetworkError when attempting to fetch resource.
